<?xml version="1.0" encoding="UTF-8"?>
<!-- Generated by org.testng.reporters.JUnitReportReporter -->
<testsuite hostname="DESKTOP-84JVGQB" failures="0" tests="1" name="com.webapptestproject.testcases.ExtensionPageTest" time="56.187" errors="0" timestamp="2023-01-13T14:39:16 AST" skipped="0">
  <testcase classname="com.webapptestproject.testcases.ExtensionPageTest" name="validateIfExtensionInstalled" time="56.187"/>
  <system-out/>
</testsuite> <!-- com.webapptestproject.testcases.ExtensionPageTest -->
