<?xml version="1.0" encoding="UTF-8"?>
<!-- Generated by org.testng.reporters.JUnitReportReporter -->
<testsuite hostname="DESKTOP-84JVGQB" failures="0" tests="1" name="com.webapptestproject.testcases.PositiveTestCase" time="79.856" errors="0" timestamp="2023-01-13T14:39:16 AST" skipped="0">
  <testcase classname="com.webapptestproject.testcases.PositiveTestCase" name="checkForErrorReplacement" time="79.856"/>
  <system-out/>
</testsuite> <!-- com.webapptestproject.testcases.PositiveTestCase -->
